\BOOKMARK [1][-]{section*.1}{Eigenst\344ndigkeitserkl\344rung und Hinweis auf verwendete Hilfsmittel}{}% 1
\BOOKMARK [1][-]{section*.2}{Danksagungen}{}% 2
\BOOKMARK [1][-]{section*.4}{Praktikumsausschreibung}{}% 3
\BOOKMARK [0][-]{chapter.1}{Einleitung zum Projekt}{}% 4
\BOOKMARK [1][-]{section.1.1}{Meine Aufgaben}{chapter.1}% 5
\BOOKMARK [0][-]{chapter.2}{Grundlagen}{}% 6
\BOOKMARK [1][-]{section.2.1}{Grundlagen Neuronaler Netze}{chapter.2}% 7
\BOOKMARK [2][-]{subsection.2.1.1}{Basics}{section.2.1}% 8
\BOOKMARK [2][-]{subsection.2.1.2}{Aufbau eines Neurons}{section.2.1}% 9
\BOOKMARK [2][-]{subsection.2.1.3}{Fehlerfunktion}{section.2.1}% 10
\BOOKMARK [2][-]{subsection.2.1.4}{Backpropogation}{section.2.1}% 11
\BOOKMARK [2][-]{subsection.2.1.5}{Learning Methods}{section.2.1}% 12
\BOOKMARK [1][-]{section.2.2}{Grundlagen Convolutional Networks}{chapter.2}% 13
\BOOKMARK [2][-]{subsection.2.2.1}{Convolutional Layer}{section.2.2}% 14
\BOOKMARK [2][-]{subsection.2.2.2}{Pooling Layer}{section.2.2}% 15
\BOOKMARK [2][-]{subsection.2.2.3}{Fully Connected Layer}{section.2.2}% 16
\BOOKMARK [0][-]{chapter.3}{T\344tigkeitsbericht}{}% 17
\BOOKMARK [1][-]{section.3.1}{Chronologischer T\344tigkeitsabriss}{chapter.3}% 18
\BOOKMARK [1][-]{section.3.2}{Internetrecherche}{chapter.3}% 19
\BOOKMARK [1][-]{section.3.3}{Einarbeiten in vorhandene Frameworks}{chapter.3}% 20
\BOOKMARK [1][-]{section.3.4}{Trainieren von einem 3D-ConvNets}{chapter.3}% 21
\BOOKMARK [1][-]{section.3.5}{Erstellen von Trainings- und Testdaten\(Datenset\)}{chapter.3}% 22
\BOOKMARK [1][-]{section.3.6}{Verbesserungen und Zukunftsaussicht}{chapter.3}% 23
\BOOKMARK [0][-]{chapter.4}{Ergebnisse}{}% 24
\BOOKMARK [0][-]{chapter.5}{Diskussion}{}% 25
\BOOKMARK [1][-]{section.5.1}{Zusammenfassende Bewertung}{chapter.5}% 26
\BOOKMARK [1][-]{section.5.2}{Ausblick}{chapter.5}% 27
